  [1m[36m (232.5ms)[0m  [1mCREATE DATABASE "zrquan_development" ENCODING = 'unicode'[0m
  [1m[36m (1.6ms)[0m  [1mCREATE TABLE "schema_migrations" ("version" character varying(255) NOT NULL) [0m
  [1m[35m (1.0ms)[0m  CREATE UNIQUE INDEX  "unique_schema_migrations" ON "schema_migrations"  ("version")
  [1m[36mActiveRecord::SchemaMigration Load (0.2ms)[0m  [1mSELECT "schema_migrations".* FROM "schema_migrations"[0m
Migrating to DeviseCreateUsers (20140506154628)
  [1m[35m (0.1ms)[0m  BEGIN
  [1m[36m (2.8ms)[0m  [1mCREATE TABLE "users" ("id" serial primary key, "email" character varying(255) DEFAULT '' NOT NULL, "encrypted_password" character varying(255) DEFAULT '' NOT NULL, "reset_password_token" character varying(255), "reset_password_sent_at" timestamp, "remember_created_at" timestamp, "sign_in_count" integer DEFAULT 0 NOT NULL, "current_sign_in_at" timestamp, "last_sign_in_at" timestamp, "current_sign_in_ip" character varying(255), "last_sign_in_ip" character varying(255), "created_at" timestamp, "updated_at" timestamp) [0m
  [1m[35m (0.6ms)[0m  CREATE UNIQUE INDEX  "index_users_on_email" ON "users"  ("email")
  [1m[36m (0.6ms)[0m  [1mCREATE UNIQUE INDEX  "index_users_on_reset_password_token" ON "users"  ("reset_password_token")[0m
  [1m[35mSQL (0.3ms)[0m  INSERT INTO "schema_migrations" ("version") VALUES ($1)  [["version", "20140506154628"]]
  [1m[36m (0.5ms)[0m  [1mCOMMIT[0m
  [1m[35mActiveRecord::SchemaMigration Load (0.2ms)[0m  SELECT "schema_migrations".* FROM "schema_migrations"
  [1m[36mActiveRecord::SchemaMigration Load (0.2ms)[0m  [1mSELECT "schema_migrations".* FROM "schema_migrations"[0m
Migrating to AddPasswordSqltToUser (20140506160600)
  [1m[35m (0.1ms)[0m  BEGIN
  [1m[36m (0.7ms)[0m  [1mALTER TABLE "users" ADD COLUMN "password_salt" character varying(255)[0m
  [1m[35mSQL (0.1ms)[0m  INSERT INTO "schema_migrations" ("version") VALUES ($1)  [["version", "20140506160600"]]
  [1m[36m (0.9ms)[0m  [1mCOMMIT[0m
  [1m[35mActiveRecord::SchemaMigration Load (0.2ms)[0m  SELECT "schema_migrations".* FROM "schema_migrations"


Started GET "/" for 127.0.0.1 at 2014-05-07 00:07:59 +0800
  [1m[36mActiveRecord::SchemaMigration Load (0.3ms)[0m  [1mSELECT "schema_migrations".* FROM "schema_migrations"[0m
Processing by UsersController#index as HTML
  [1m[35mUser Load (0.7ms)[0m  SELECT "users".* FROM "users"
  Rendered users/index.html.erb within layouts/application (3.1ms)
Completed 200 OK in 588ms (Views: 578.3ms | ActiveRecord: 0.7ms)


Started GET "/assets/application.css?body=1" for 127.0.0.1 at 2014-05-07 00:08:00 +0800


Started GET "/assets/jquery.js?body=1" for 127.0.0.1 at 2014-05-07 00:08:00 +0800


Started GET "/assets/jquery_ujs.js?body=1" for 127.0.0.1 at 2014-05-07 00:08:00 +0800


Started GET "/assets/turbolinks.js?body=1" for 127.0.0.1 at 2014-05-07 00:08:00 +0800


Started GET "/assets/application.js?body=1" for 127.0.0.1 at 2014-05-07 00:08:00 +0800


Started GET "/users/new" for 127.0.0.1 at 2014-05-07 00:08:02 +0800
Processing by UsersController#new as HTML
  Rendered users/_form.html.erb (13.9ms)
  Rendered users/new.html.erb within layouts/application (16.7ms)
Completed 200 OK in 25ms (Views: 20.3ms | ActiveRecord: 2.1ms)


Started GET "/users/sign_in" for 127.0.0.1 at 2014-05-07 00:08:40 +0800
Processing by Devise::SessionsController#new as HTML
  Rendered /Users/kamiiyu/.rbenv/versions/2.1.1/lib/ruby/gems/2.1.0/gems/devise-3.2.4/app/views/devise/shared/_links.erb (1.0ms)
  Rendered /Users/kamiiyu/.rbenv/versions/2.1.1/lib/ruby/gems/2.1.0/gems/devise-3.2.4/app/views/devise/sessions/new.html.erb within layouts/application (22.4ms)
Completed 200 OK in 32ms (Views: 27.8ms | ActiveRecord: 0.0ms)


Started GET "/users/sign_up" for 127.0.0.1 at 2014-05-07 00:08:44 +0800
Processing by Devise::RegistrationsController#new as HTML
  Rendered /Users/kamiiyu/.rbenv/versions/2.1.1/lib/ruby/gems/2.1.0/gems/devise-3.2.4/app/views/devise/shared/_links.erb (0.4ms)
  Rendered /Users/kamiiyu/.rbenv/versions/2.1.1/lib/ruby/gems/2.1.0/gems/devise-3.2.4/app/views/devise/registrations/new.html.erb within layouts/application (3.2ms)
Completed 200 OK in 8ms (Views: 6.7ms | ActiveRecord: 0.0ms)


Started GET "/users/sign_up" for 127.0.0.1 at 2014-05-07 00:12:23 +0800
  [1m[36mActiveRecord::SchemaMigration Load (0.2ms)[0m  [1mSELECT "schema_migrations".* FROM "schema_migrations"[0m
Processing by Devise::RegistrationsController#new as HTML
  Rendered devise/shared/_links.erb (1.0ms)
  Rendered devise/registrations/new.html.erb within layouts/application (22.8ms)
Completed 200 OK in 56ms (Views: 41.2ms | ActiveRecord: 1.8ms)


Started GET "/assets/application.css?body=1" for 127.0.0.1 at 2014-05-07 00:12:23 +0800


Started GET "/assets/jquery.js?body=1" for 127.0.0.1 at 2014-05-07 00:12:23 +0800


Started GET "/assets/jquery_ujs.js?body=1" for 127.0.0.1 at 2014-05-07 00:12:23 +0800


Started GET "/assets/turbolinks.js?body=1" for 127.0.0.1 at 2014-05-07 00:12:23 +0800


Started GET "/assets/application.js?body=1" for 127.0.0.1 at 2014-05-07 00:12:23 +0800


Started GET "/" for 127.0.0.1 at 2014-05-07 00:12:28 +0800
Processing by UsersController#index as HTML
  [1m[35mUser Load (0.3ms)[0m  SELECT "users".* FROM "users"
  Rendered users/index.html.erb within layouts/application (1.4ms)
Completed 200 OK in 5ms (Views: 4.2ms | ActiveRecord: 0.3ms)


Started GET "/assets/application.css?body=1" for 127.0.0.1 at 2014-05-07 00:12:28 +0800


Started GET "/assets/application.js?body=1" for 127.0.0.1 at 2014-05-07 00:12:28 +0800


Started GET "/assets/turbolinks.js?body=1" for 127.0.0.1 at 2014-05-07 00:12:28 +0800


Started GET "/assets/jquery_ujs.js?body=1" for 127.0.0.1 at 2014-05-07 00:12:28 +0800


Started GET "/assets/jquery.js?body=1" for 127.0.0.1 at 2014-05-07 00:12:28 +0800
